c:\users\gibso\source\repos\final\final\debug\vc142.pdb
c:\users\gibso\source\repos\final\final\debug\vc142.idb
c:\users\gibso\source\repos\final\final\debug\spicedrawer.nativecodeanalysis.sarif
c:\users\gibso\source\repos\final\final\debug\spicedrawer.nativecodeanalysis.xml
c:\users\gibso\source\repos\final\final\debug\grocerylist.nativecodeanalysis.sarif
c:\users\gibso\source\repos\final\final\debug\grocerylist.nativecodeanalysis.xml
c:\users\gibso\source\repos\final\final\debug\refridgerator.nativecodeanalysis.sarif
c:\users\gibso\source\repos\final\final\debug\refridgerator.nativecodeanalysis.xml
c:\users\gibso\source\repos\final\final\debug\pantry.nativecodeanalysis.sarif
c:\users\gibso\source\repos\final\final\debug\pantry.nativecodeanalysis.xml
c:\users\gibso\source\repos\final\final\debug\kitchen.nativecodeanalysis.sarif
c:\users\gibso\source\repos\final\final\debug\kitchen.nativecodeanalysis.xml
c:\users\gibso\source\repos\final\final\debug\item.nativecodeanalysis.sarif
c:\users\gibso\source\repos\final\final\debug\item.nativecodeanalysis.xml
c:\users\gibso\source\repos\final\final\debug\freezer.nativecodeanalysis.sarif
c:\users\gibso\source\repos\final\final\debug\freezer.nativecodeanalysis.xml
c:\users\gibso\source\repos\final\final\debug\food.nativecodeanalysis.sarif
c:\users\gibso\source\repos\final\final\debug\food.nativecodeanalysis.xml
c:\users\gibso\source\repos\final\final\debug\final.nativecodeanalysis.sarif
c:\users\gibso\source\repos\final\final\debug\final.nativecodeanalysis.xml
c:\users\gibso\source\repos\final\final\debug\drink.nativecodeanalysis.sarif
c:\users\gibso\source\repos\final\final\debug\drink.nativecodeanalysis.xml
c:\users\gibso\source\repos\final\final\debug\container.nativecodeanalysis.sarif
c:\users\gibso\source\repos\final\final\debug\container.nativecodeanalysis.xml
c:\users\gibso\source\repos\final\final\debug\cannedgoods.nativecodeanalysis.sarif
c:\users\gibso\source\repos\final\final\debug\cannedgoods.nativecodeanalysis.xml
c:\users\gibso\source\repos\final\final\debug\cannedgoods.obj
c:\users\gibso\source\repos\final\final\debug\container.obj
c:\users\gibso\source\repos\final\final\debug\drink.obj
c:\users\gibso\source\repos\final\final\debug\final.obj
c:\users\gibso\source\repos\final\final\debug\food.obj
c:\users\gibso\source\repos\final\final\debug\freezer.obj
c:\users\gibso\source\repos\final\final\debug\item.obj
c:\users\gibso\source\repos\final\final\debug\kitchen.obj
c:\users\gibso\source\repos\final\final\debug\pantry.obj
c:\users\gibso\source\repos\final\final\debug\refridgerator.obj
c:\users\gibso\source\repos\final\final\debug\grocerylist.obj
c:\users\gibso\source\repos\final\final\debug\spicedrawer.obj
c:\users\gibso\source\repos\final\final\debug\final.ilk
c:\users\gibso\source\repos\final\debug\final.exe
c:\users\gibso\source\repos\final\debug\final.pdb
c:\users\gibso\source\repos\final\final\debug\vc.nativecodeanalysis.all.xml
c:\users\gibso\source\repos\final\final\debug\final.tlog\cl.command.1.tlog
c:\users\gibso\source\repos\final\final\debug\final.tlog\cl.read.1.tlog
c:\users\gibso\source\repos\final\final\debug\final.tlog\cl.write.1.tlog
c:\users\gibso\source\repos\final\final\debug\final.tlog\link.command.1.tlog
c:\users\gibso\source\repos\final\final\debug\final.tlog\link.read.1.tlog
c:\users\gibso\source\repos\final\final\debug\final.tlog\link.write.1.tlog
